0 info it worked if it ends with ok
1 verbose cli [ 'D:\\Program Files\\nodejs\\\\node.exe',
1 verbose cli   'D:\\Program Files\\nodejs\\node_modules\\npm\\bin\\npm-cli.js',
1 verbose cli   'init' ]
2 info using npm@1.3.15
3 info using node@v0.11.9
4 verbose node symlink D:\Program Files\nodejs\\node.exe
5 silly package data undefined
6 info init written successfully
7 error Error: canceled
7 error     at Interface.<anonymous> (D:\Program Files\nodejs\node_modules\npm\node_modules\read\lib\read.js:66:13)
7 error     at Interface.EventEmitter.emit (events.js:95:17)
7 error     at Interface._ttyWrite (readline.js:658:16)
7 error     at ReadStream.onkeypress (readline.js:98:10)
7 error     at ReadStream.EventEmitter.emit (events.js:101:17)
7 error     at emitKey (readline.js:1135:12)
7 error     at ReadStream.onData (readline.js:878:14)
7 error     at ReadStream.EventEmitter.emit (events.js:98:17)
7 error     at readableAddChunk (_stream_readable.js:156:16)
7 error     at ReadStream.Readable.push (_stream_readable.js:123:10)
8 error If you need help, you may report this log at:
8 error     <http://github.com/isaacs/npm/issues>
8 error or email it to:
8 error     <npm-@googlegroups.com>
9 error System Windows_NT 6.1.7601
10 error command "D:\\Program Files\\nodejs\\\\node.exe" "D:\\Program Files\\nodejs\\node_modules\\npm\\bin\\npm-cli.js" "init"
11 error cwd E:\lyl\lyl\stady\silk
12 error node -v v0.11.9
13 error npm -v 1.3.15
14 verbose exit [ 1, true ]
