Microsoft HTML Help Compiler 4.74.8702

Compiling f:\lyl\lyl\hqew\hqew_js_api.CHM

css\css.html
script\easyjq.js
style\jsapi.css
尺寸\height.html
尺寸\width.html
核心\Query()核心函数.html
核心\Query.noConflict.html
筛选\children().html
筛选\eq().html
筛选\hasClass.html
筛选\not().html
筛选\parent().html
筛选\siblings().html
事件\bind.html
事件\blur.html
事件\change.html
事件\click.html
事件\dblclick.html
事件\error.html
事件\focus.html
事件\keydown.html
事件\keypress.html
事件\keyup.html
事件\load.html
事件\mousedown.html
事件\mousemove.html
事件\mouseout.html
事件\mouseover.html
事件\mouseup.html
事件\resize.html
事件\scroll.html
事件\select.html
事件\submit.html
事件\unload.html
位置\position.html
位置\scrollLeft.html
位置\scrollTop.html
文档操作\addClass.html
文档操作\attr.html
文档操作\html.html
文档操作\removeClass.html
选择器\className.html
选择器\id.html
选择器\level.html
选择器\tagName.html
TOC-Created-By-Easy-CHM.HHC
Index-Created-By-Easy-CHM.HHK
C:\DOCUME~1\LUYUAN~1\LOCALS~1\Temp\Easy-CHM-HtmlHelp-Maker.HTML
c:\DOCUME~1\LUYUAN~1\LOCALS~1\Temp\Easy-CHM-HtmlHelp-Maker.GIF

Compile time: 0 minutes, 0 seconds
46	Topics
172	Local links
11	Internet links
1	Graphic


Created f:\lyl\lyl\hqew\hqew_js_api.CHM, 28,431 bytes
Compression decreased file by 50,086 bytes.
